<?xml version="1.0" encoding="UTF-8"?>
<testsuite name="pcbook.serializer.SerializerTest" tests="1" skipped="0" failures="0" errors="0" timestamp="2020-07-16T13:06:25" hostname="DESKTOP-TE4MLI6" time="0.074">
  <properties/>
  <testcase name="writeAndReadBinaryFile" classname="pcbook.serializer.SerializerTest" time="0.074"/>
  <system-out><![CDATA[]]></system-out>
  <system-err><![CDATA[]]></system-err>
</testsuite>
